[0.571s] Invoking command in '/home/student/turtlebot4_ws/build/proxemic_detector_pkg': PYTHONPATH=/home/student/turtlebot4_ws/install/proxemic_detector_pkg/lib/python3.8/site-packages:${PYTHONPATH} /usr/bin/python3 setup.py develop --prefix /home/student/turtlebot4_ws/install/proxemic_detector_pkg --uninstall --editable --build-directory /home/student/turtlebot4_ws/build/proxemic_detector_pkg/build
[0.744s] running develop
[0.858s] Invoked command in '/home/student/turtlebot4_ws/build/proxemic_detector_pkg' returned '0': PYTHONPATH=/home/student/turtlebot4_ws/install/proxemic_detector_pkg/lib/python3.8/site-packages:${PYTHONPATH} /usr/bin/python3 setup.py develop --prefix /home/student/turtlebot4_ws/install/proxemic_detector_pkg --uninstall --editable --build-directory /home/student/turtlebot4_ws/build/proxemic_detector_pkg/build
[0.860s] Invoking command in '/home/student/turtlebot4_ws/src/proxemic_detector_pkg': PYTHONPATH=/home/student/turtlebot4_ws/install/proxemic_detector_pkg/lib/python3.8/site-packages:${PYTHONPATH} /usr/bin/python3 setup.py egg_info --egg-base ../../build/proxemic_detector_pkg build --build-base /home/student/turtlebot4_ws/build/proxemic_detector_pkg/build install --prefix /home/student/turtlebot4_ws/install/proxemic_detector_pkg --record /home/student/turtlebot4_ws/build/proxemic_detector_pkg/install.log --single-version-externally-managed
[0.992s] running egg_info
[0.992s] writing ../../build/proxemic_detector_pkg/proxemic_detector_pkg.egg-info/PKG-INFO
[0.992s] writing dependency_links to ../../build/proxemic_detector_pkg/proxemic_detector_pkg.egg-info/dependency_links.txt
[0.992s] writing entry points to ../../build/proxemic_detector_pkg/proxemic_detector_pkg.egg-info/entry_points.txt
[0.993s] writing requirements to ../../build/proxemic_detector_pkg/proxemic_detector_pkg.egg-info/requires.txt
[0.993s] writing top-level names to ../../build/proxemic_detector_pkg/proxemic_detector_pkg.egg-info/top_level.txt
[1.015s] reading manifest file '../../build/proxemic_detector_pkg/proxemic_detector_pkg.egg-info/SOURCES.txt'
[1.016s] writing manifest file '../../build/proxemic_detector_pkg/proxemic_detector_pkg.egg-info/SOURCES.txt'
[1.016s] running build
[1.016s] running build_py
[1.016s] running install
[1.017s] running install_lib
[1.017s] running install_data
[1.018s] running install_egg_info
[1.019s] removing '/home/student/turtlebot4_ws/install/proxemic_detector_pkg/lib/python3.8/site-packages/proxemic_detector_pkg-0.0.0-py3.8.egg-info' (and everything under it)
[1.019s] Copying ../../build/proxemic_detector_pkg/proxemic_detector_pkg.egg-info to /home/student/turtlebot4_ws/install/proxemic_detector_pkg/lib/python3.8/site-packages/proxemic_detector_pkg-0.0.0-py3.8.egg-info
[1.019s] running install_scripts
[1.033s] Installing turtlebot_proxemic_detector_node script to /home/student/turtlebot4_ws/install/proxemic_detector_pkg/lib/proxemic_detector_pkg
[1.033s] writing list of installed files to '/home/student/turtlebot4_ws/build/proxemic_detector_pkg/install.log'
[1.054s] Invoked command in '/home/student/turtlebot4_ws/src/proxemic_detector_pkg' returned '0': PYTHONPATH=/home/student/turtlebot4_ws/install/proxemic_detector_pkg/lib/python3.8/site-packages:${PYTHONPATH} /usr/bin/python3 setup.py egg_info --egg-base ../../build/proxemic_detector_pkg build --build-base /home/student/turtlebot4_ws/build/proxemic_detector_pkg/build install --prefix /home/student/turtlebot4_ws/install/proxemic_detector_pkg --record /home/student/turtlebot4_ws/build/proxemic_detector_pkg/install.log --single-version-externally-managed
