running egg_info
creating ../../build/turtlebot4_python_tutorials/turtlebot4_python_tutorials.egg-info
writing ../../build/turtlebot4_python_tutorials/turtlebot4_python_tutorials.egg-info/PKG-INFO
writing dependency_links to ../../build/turtlebot4_python_tutorials/turtlebot4_python_tutorials.egg-info/dependency_links.txt
writing entry points to ../../build/turtlebot4_python_tutorials/turtlebot4_python_tutorials.egg-info/entry_points.txt
writing requirements to ../../build/turtlebot4_python_tutorials/turtlebot4_python_tutorials.egg-info/requires.txt
writing top-level names to ../../build/turtlebot4_python_tutorials/turtlebot4_python_tutorials.egg-info/top_level.txt
writing manifest file '../../build/turtlebot4_python_tutorials/turtlebot4_python_tutorials.egg-info/SOURCES.txt'
reading manifest file '../../build/turtlebot4_python_tutorials/turtlebot4_python_tutorials.egg-info/SOURCES.txt'
writing manifest file '../../build/turtlebot4_python_tutorials/turtlebot4_python_tutorials.egg-info/SOURCES.txt'
running build
running build_py
creating /home/student/turtlebot4_ws/build/turtlebot4_python_tutorials/build
creating /home/student/turtlebot4_ws/build/turtlebot4_python_tutorials/build/lib
creating /home/student/turtlebot4_ws/build/turtlebot4_python_tutorials/build/lib/turtlebot4_python_tutorials
copying turtlebot4_python_tutorials/__init__.py -> /home/student/turtlebot4_ws/build/turtlebot4_python_tutorials/build/lib/turtlebot4_python_tutorials
copying turtlebot4_python_tutorials/turtlebot4_first_python_node.py -> /home/student/turtlebot4_ws/build/turtlebot4_python_tutorials/build/lib/turtlebot4_python_tutorials
running install
running install_lib
creating /home/student/turtlebot4_ws/install/turtlebot4_python_tutorials/lib/python3.8/site-packages/turtlebot4_python_tutorials
copying /home/student/turtlebot4_ws/build/turtlebot4_python_tutorials/build/lib/turtlebot4_python_tutorials/__init__.py -> /home/student/turtlebot4_ws/install/turtlebot4_python_tutorials/lib/python3.8/site-packages/turtlebot4_python_tutorials
copying /home/student/turtlebot4_ws/build/turtlebot4_python_tutorials/build/lib/turtlebot4_python_tutorials/turtlebot4_first_python_node.py -> /home/student/turtlebot4_ws/install/turtlebot4_python_tutorials/lib/python3.8/site-packages/turtlebot4_python_tutorials
byte-compiling /home/student/turtlebot4_ws/install/turtlebot4_python_tutorials/lib/python3.8/site-packages/turtlebot4_python_tutorials/__init__.py to __init__.cpython-38.pyc
byte-compiling /home/student/turtlebot4_ws/install/turtlebot4_python_tutorials/lib/python3.8/site-packages/turtlebot4_python_tutorials/turtlebot4_first_python_node.py to turtlebot4_first_python_node.cpython-38.pyc
running install_data
creating /home/student/turtlebot4_ws/install/turtlebot4_python_tutorials/share/ament_index
creating /home/student/turtlebot4_ws/install/turtlebot4_python_tutorials/share/ament_index/resource_index
creating /home/student/turtlebot4_ws/install/turtlebot4_python_tutorials/share/ament_index/resource_index/packages
copying resource/turtlebot4_python_tutorials -> /home/student/turtlebot4_ws/install/turtlebot4_python_tutorials/share/ament_index/resource_index/packages
copying package.xml -> /home/student/turtlebot4_ws/install/turtlebot4_python_tutorials/share/turtlebot4_python_tutorials
running install_egg_info
Copying ../../build/turtlebot4_python_tutorials/turtlebot4_python_tutorials.egg-info to /home/student/turtlebot4_ws/install/turtlebot4_python_tutorials/lib/python3.8/site-packages/turtlebot4_python_tutorials-0.0.0-py3.8.egg-info
running install_scripts
Installing turtlebot4_first_python_node script to /home/student/turtlebot4_ws/install/turtlebot4_python_tutorials/lib/turtlebot4_python_tutorials
writing list of installed files to '/home/student/turtlebot4_ws/build/turtlebot4_python_tutorials/install.log'
