[0.356s] Invoking command in '/home/student/turtlebot4_ws/src/turtlebot4_python_tutorials': PYTHONPATH=/home/student/turtlebot4_ws/install/turtlebot4_python_tutorials/lib/python3.8/site-packages:${PYTHONPATH} /usr/bin/python3 setup.py egg_info --egg-base ../../build/turtlebot4_python_tutorials build --build-base /home/student/turtlebot4_ws/build/turtlebot4_python_tutorials/build install --prefix /home/student/turtlebot4_ws/install/turtlebot4_python_tutorials --record /home/student/turtlebot4_ws/build/turtlebot4_python_tutorials/install.log --single-version-externally-managed
[0.472s] running egg_info
[0.472s] creating ../../build/turtlebot4_python_tutorials/turtlebot4_python_tutorials.egg-info
[0.473s] writing ../../build/turtlebot4_python_tutorials/turtlebot4_python_tutorials.egg-info/PKG-INFO
[0.473s] writing dependency_links to ../../build/turtlebot4_python_tutorials/turtlebot4_python_tutorials.egg-info/dependency_links.txt
[0.473s] writing entry points to ../../build/turtlebot4_python_tutorials/turtlebot4_python_tutorials.egg-info/entry_points.txt
[0.473s] writing requirements to ../../build/turtlebot4_python_tutorials/turtlebot4_python_tutorials.egg-info/requires.txt
[0.473s] writing top-level names to ../../build/turtlebot4_python_tutorials/turtlebot4_python_tutorials.egg-info/top_level.txt
[0.473s] writing manifest file '../../build/turtlebot4_python_tutorials/turtlebot4_python_tutorials.egg-info/SOURCES.txt'
[0.492s] reading manifest file '../../build/turtlebot4_python_tutorials/turtlebot4_python_tutorials.egg-info/SOURCES.txt'
[0.492s] writing manifest file '../../build/turtlebot4_python_tutorials/turtlebot4_python_tutorials.egg-info/SOURCES.txt'
[0.493s] running build
[0.493s] running build_py
[0.493s] creating /home/student/turtlebot4_ws/build/turtlebot4_python_tutorials/build
[0.493s] creating /home/student/turtlebot4_ws/build/turtlebot4_python_tutorials/build/lib
[0.493s] creating /home/student/turtlebot4_ws/build/turtlebot4_python_tutorials/build/lib/turtlebot4_python_tutorials
[0.493s] copying turtlebot4_python_tutorials/__init__.py -> /home/student/turtlebot4_ws/build/turtlebot4_python_tutorials/build/lib/turtlebot4_python_tutorials
[0.493s] copying turtlebot4_python_tutorials/turtlebot4_first_python_node.py -> /home/student/turtlebot4_ws/build/turtlebot4_python_tutorials/build/lib/turtlebot4_python_tutorials
[0.493s] running install
[0.493s] running install_lib
[0.494s] creating /home/student/turtlebot4_ws/install/turtlebot4_python_tutorials/lib/python3.8/site-packages/turtlebot4_python_tutorials
[0.494s] copying /home/student/turtlebot4_ws/build/turtlebot4_python_tutorials/build/lib/turtlebot4_python_tutorials/__init__.py -> /home/student/turtlebot4_ws/install/turtlebot4_python_tutorials/lib/python3.8/site-packages/turtlebot4_python_tutorials
[0.494s] copying /home/student/turtlebot4_ws/build/turtlebot4_python_tutorials/build/lib/turtlebot4_python_tutorials/turtlebot4_first_python_node.py -> /home/student/turtlebot4_ws/install/turtlebot4_python_tutorials/lib/python3.8/site-packages/turtlebot4_python_tutorials
[0.494s] byte-compiling /home/student/turtlebot4_ws/install/turtlebot4_python_tutorials/lib/python3.8/site-packages/turtlebot4_python_tutorials/__init__.py to __init__.cpython-38.pyc
[0.495s] byte-compiling /home/student/turtlebot4_ws/install/turtlebot4_python_tutorials/lib/python3.8/site-packages/turtlebot4_python_tutorials/turtlebot4_first_python_node.py to turtlebot4_first_python_node.cpython-38.pyc
[0.495s] running install_data
[0.495s] creating /home/student/turtlebot4_ws/install/turtlebot4_python_tutorials/share/ament_index
[0.495s] creating /home/student/turtlebot4_ws/install/turtlebot4_python_tutorials/share/ament_index/resource_index
[0.495s] creating /home/student/turtlebot4_ws/install/turtlebot4_python_tutorials/share/ament_index/resource_index/packages
[0.495s] copying resource/turtlebot4_python_tutorials -> /home/student/turtlebot4_ws/install/turtlebot4_python_tutorials/share/ament_index/resource_index/packages
[0.495s] copying package.xml -> /home/student/turtlebot4_ws/install/turtlebot4_python_tutorials/share/turtlebot4_python_tutorials
[0.496s] running install_egg_info
[0.496s] Copying ../../build/turtlebot4_python_tutorials/turtlebot4_python_tutorials.egg-info to /home/student/turtlebot4_ws/install/turtlebot4_python_tutorials/lib/python3.8/site-packages/turtlebot4_python_tutorials-0.0.0-py3.8.egg-info
[0.497s] running install_scripts
[0.506s] Installing turtlebot4_first_python_node script to /home/student/turtlebot4_ws/install/turtlebot4_python_tutorials/lib/turtlebot4_python_tutorials
[0.506s] writing list of installed files to '/home/student/turtlebot4_ws/build/turtlebot4_python_tutorials/install.log'
[0.519s] Invoked command in '/home/student/turtlebot4_ws/src/turtlebot4_python_tutorials' returned '0': PYTHONPATH=/home/student/turtlebot4_ws/install/turtlebot4_python_tutorials/lib/python3.8/site-packages:${PYTHONPATH} /usr/bin/python3 setup.py egg_info --egg-base ../../build/turtlebot4_python_tutorials build --build-base /home/student/turtlebot4_ws/build/turtlebot4_python_tutorials/build install --prefix /home/student/turtlebot4_ws/install/turtlebot4_python_tutorials --record /home/student/turtlebot4_ws/build/turtlebot4_python_tutorials/install.log --single-version-externally-managed
