[0.634s] Invoking command in '/home/student/turtlebot4_ws/build/proxemic_detector_pkg': PYTHONPATH=/home/student/turtlebot4_ws/install/proxemic_detector_pkg/lib/python3.8/site-packages:${PYTHONPATH} /usr/bin/python3 setup.py develop --prefix /home/student/turtlebot4_ws/install/proxemic_detector_pkg --uninstall --editable --build-directory /home/student/turtlebot4_ws/build/proxemic_detector_pkg/build
[0.778s] running develop
[0.878s] Invoked command in '/home/student/turtlebot4_ws/build/proxemic_detector_pkg' returned '0': PYTHONPATH=/home/student/turtlebot4_ws/install/proxemic_detector_pkg/lib/python3.8/site-packages:${PYTHONPATH} /usr/bin/python3 setup.py develop --prefix /home/student/turtlebot4_ws/install/proxemic_detector_pkg --uninstall --editable --build-directory /home/student/turtlebot4_ws/build/proxemic_detector_pkg/build
[0.881s] Invoking command in '/home/student/turtlebot4_ws/src/proxemic_detector_pkg': PYTHONPATH=/home/student/turtlebot4_ws/install/proxemic_detector_pkg/lib/python3.8/site-packages:${PYTHONPATH} /usr/bin/python3 setup.py egg_info --egg-base ../../build/proxemic_detector_pkg build --build-base /home/student/turtlebot4_ws/build/proxemic_detector_pkg/build install --prefix /home/student/turtlebot4_ws/install/proxemic_detector_pkg --record /home/student/turtlebot4_ws/build/proxemic_detector_pkg/install.log --single-version-externally-managed
[1.015s] running egg_info
[1.015s] writing ../../build/proxemic_detector_pkg/proxemic_detector_pkg.egg-info/PKG-INFO
[1.015s] writing dependency_links to ../../build/proxemic_detector_pkg/proxemic_detector_pkg.egg-info/dependency_links.txt
[1.015s] writing entry points to ../../build/proxemic_detector_pkg/proxemic_detector_pkg.egg-info/entry_points.txt
[1.015s] writing requirements to ../../build/proxemic_detector_pkg/proxemic_detector_pkg.egg-info/requires.txt
[1.015s] writing top-level names to ../../build/proxemic_detector_pkg/proxemic_detector_pkg.egg-info/top_level.txt
[1.038s] reading manifest file '../../build/proxemic_detector_pkg/proxemic_detector_pkg.egg-info/SOURCES.txt'
[1.039s] writing manifest file '../../build/proxemic_detector_pkg/proxemic_detector_pkg.egg-info/SOURCES.txt'
[1.039s] running build
[1.039s] running build_py
[1.039s] copying proxemic_detector_pkg/turtlebot_proxemic_detector_node.py -> /home/student/turtlebot4_ws/build/proxemic_detector_pkg/build/lib/proxemic_detector_pkg
[1.039s] running install
[1.040s] running install_lib
[1.041s] copying /home/student/turtlebot4_ws/build/proxemic_detector_pkg/build/lib/proxemic_detector_pkg/turtlebot_proxemic_detector_node.py -> /home/student/turtlebot4_ws/install/proxemic_detector_pkg/lib/python3.8/site-packages/proxemic_detector_pkg
[1.042s] byte-compiling /home/student/turtlebot4_ws/install/proxemic_detector_pkg/lib/python3.8/site-packages/proxemic_detector_pkg/turtlebot_proxemic_detector_node.py to turtlebot_proxemic_detector_node.cpython-38.pyc
[1.045s] running install_data
[1.046s] running install_egg_info
[1.047s] removing '/home/student/turtlebot4_ws/install/proxemic_detector_pkg/lib/python3.8/site-packages/proxemic_detector_pkg-0.0.0-py3.8.egg-info' (and everything under it)
[1.047s] Copying ../../build/proxemic_detector_pkg/proxemic_detector_pkg.egg-info to /home/student/turtlebot4_ws/install/proxemic_detector_pkg/lib/python3.8/site-packages/proxemic_detector_pkg-0.0.0-py3.8.egg-info
[1.047s] running install_scripts
[1.059s] Installing turtlebot_proxemic_detector_node script to /home/student/turtlebot4_ws/install/proxemic_detector_pkg/lib/proxemic_detector_pkg
[1.059s] writing list of installed files to '/home/student/turtlebot4_ws/build/proxemic_detector_pkg/install.log'
[1.073s] Invoked command in '/home/student/turtlebot4_ws/src/proxemic_detector_pkg' returned '0': PYTHONPATH=/home/student/turtlebot4_ws/install/proxemic_detector_pkg/lib/python3.8/site-packages:${PYTHONPATH} /usr/bin/python3 setup.py egg_info --egg-base ../../build/proxemic_detector_pkg build --build-base /home/student/turtlebot4_ws/build/proxemic_detector_pkg/build install --prefix /home/student/turtlebot4_ws/install/proxemic_detector_pkg --record /home/student/turtlebot4_ws/build/proxemic_detector_pkg/install.log --single-version-externally-managed
