running develop
running egg_info
writing ../../build/turtlebot4_python_tutorials/turtlebot4_python_tutorials.egg-info/PKG-INFO
writing dependency_links to ../../build/turtlebot4_python_tutorials/turtlebot4_python_tutorials.egg-info/dependency_links.txt
writing entry points to ../../build/turtlebot4_python_tutorials/turtlebot4_python_tutorials.egg-info/entry_points.txt
writing requirements to ../../build/turtlebot4_python_tutorials/turtlebot4_python_tutorials.egg-info/requires.txt
writing top-level names to ../../build/turtlebot4_python_tutorials/turtlebot4_python_tutorials.egg-info/top_level.txt
reading manifest file '../../build/turtlebot4_python_tutorials/turtlebot4_python_tutorials.egg-info/SOURCES.txt'
writing manifest file '../../build/turtlebot4_python_tutorials/turtlebot4_python_tutorials.egg-info/SOURCES.txt'
running build
running build_py
running install
running install_lib
running install_data
running install_egg_info
removing '/home/student/turtlebot4_ws/install/turtlebot4_python_tutorials/lib/python3.8/site-packages/turtlebot4_python_tutorials-0.0.0-py3.8.egg-info' (and everything under it)
Copying ../../build/turtlebot4_python_tutorials/turtlebot4_python_tutorials.egg-info to /home/student/turtlebot4_ws/install/turtlebot4_python_tutorials/lib/python3.8/site-packages/turtlebot4_python_tutorials-0.0.0-py3.8.egg-info
running install_scripts
Installing turtlebot_proxemic_detector_node script to /home/student/turtlebot4_ws/install/turtlebot4_python_tutorials/lib/turtlebot4_python_tutorials
writing list of installed files to '/home/student/turtlebot4_ws/build/turtlebot4_python_tutorials/install.log'
