[0.098s] DEBUG:colcon:Command line arguments: ['/usr/bin/colcon', 'build']
[0.098s] DEBUG:colcon:Parsed command line arguments: Namespace(allow_overriding=[], ament_cmake_args=None, base_paths=['.'], build_base='build', catkin_cmake_args=None, catkin_skip_building_tests=False, cmake_args=None, cmake_clean_cache=False, cmake_clean_first=False, cmake_force_configure=False, cmake_target=None, cmake_target_skip_unavailable=False, continue_on_error=False, event_handlers=None, executor='parallel', ignore_user_meta=False, install_base='install', log_base=None, log_level=None, main=<bound method BuildVerb.main of <colcon_core.verb.build.BuildVerb object at 0x7fb63d614670>>, merge_install=False, metas=['./colcon.meta'], packages_above=None, packages_above_and_dependencies=None, packages_above_depth=None, packages_end=None, packages_ignore=None, packages_ignore_regex=None, packages_select=None, packages_select_build_failed=False, packages_select_by_dep=None, packages_select_regex=None, packages_select_test_failures=False, packages_skip=None, packages_skip_build_finished=False, packages_skip_by_dep=None, packages_skip_regex=None, packages_skip_test_passed=False, packages_skip_up_to=None, packages_start=None, packages_up_to=None, packages_up_to_regex=None, parallel_workers=8, paths=None, symlink_install=False, test_result_base=None, verb_extension=<colcon_core.verb.build.BuildVerb object at 0x7fb63d614670>, verb_name='build', verb_parser=<colcon_defaults.argument_parser.defaults.DefaultArgumentsDecorator object at 0x7fb63d614bb0>)
[0.113s] Level 1:colcon.colcon_core.package_discovery:discover_packages(colcon_meta) check parameters
[0.113s] Level 1:colcon.colcon_core.package_discovery:discover_packages(recursive) check parameters
[0.113s] Level 1:colcon.colcon_core.package_discovery:discover_packages(ignore) check parameters
[0.113s] Level 1:colcon.colcon_core.package_discovery:discover_packages(path) check parameters
[0.113s] Level 1:colcon.colcon_core.package_discovery:discover_packages(colcon_meta) discover
[0.113s] Level 1:colcon.colcon_core.package_discovery:discover_packages(recursive) discover
[0.113s] INFO:colcon.colcon_core.package_discovery:Crawling recursively for packages in '/home/student/turtlebot4_ws'
[0.113s] Level 1:colcon.colcon_core.package_identification:_identify(.) by extensions ['ignore', 'ignore_ament_install']
[0.113s] Level 1:colcon.colcon_core.package_identification:_identify(.) by extension 'ignore'
[0.113s] Level 1:colcon.colcon_core.package_identification:_identify(.) by extension 'ignore_ament_install'
[0.113s] Level 1:colcon.colcon_core.package_identification:_identify(.) by extensions ['colcon_pkg']
[0.113s] Level 1:colcon.colcon_core.package_identification:_identify(.) by extension 'colcon_pkg'
[0.113s] Level 1:colcon.colcon_core.package_identification:_identify(.) by extensions ['colcon_meta']
[0.113s] Level 1:colcon.colcon_core.package_identification:_identify(.) by extension 'colcon_meta'
[0.113s] Level 1:colcon.colcon_core.package_identification:_identify(.) by extensions ['ros']
[0.113s] Level 1:colcon.colcon_core.package_identification:_identify(.) by extension 'ros'
[0.126s] Level 1:colcon.colcon_core.package_identification:_identify(.) by extensions ['cmake', 'python']
[0.126s] Level 1:colcon.colcon_core.package_identification:_identify(.) by extension 'cmake'
[0.126s] Level 1:colcon.colcon_core.package_identification:_identify(.) by extension 'python'
[0.126s] Level 1:colcon.colcon_core.package_identification:_identify(.) by extensions ['python_setup_py']
[0.126s] Level 1:colcon.colcon_core.package_identification:_identify(.) by extension 'python_setup_py'
[0.126s] Level 1:colcon.colcon_core.package_identification:_identify(build) by extensions ['ignore', 'ignore_ament_install']
[0.126s] Level 1:colcon.colcon_core.package_identification:_identify(build) by extension 'ignore'
[0.126s] Level 1:colcon.colcon_core.package_identification:_identify(build) ignored
[0.126s] Level 1:colcon.colcon_core.package_identification:_identify(install) by extensions ['ignore', 'ignore_ament_install']
[0.126s] Level 1:colcon.colcon_core.package_identification:_identify(install) by extension 'ignore'
[0.126s] Level 1:colcon.colcon_core.package_identification:_identify(install) ignored
[0.127s] Level 1:colcon.colcon_core.package_identification:_identify(log) by extensions ['ignore', 'ignore_ament_install']
[0.127s] Level 1:colcon.colcon_core.package_identification:_identify(log) by extension 'ignore'
[0.127s] Level 1:colcon.colcon_core.package_identification:_identify(log) ignored
[0.127s] Level 1:colcon.colcon_core.package_identification:_identify(src) by extensions ['ignore', 'ignore_ament_install']
[0.127s] Level 1:colcon.colcon_core.package_identification:_identify(src) by extension 'ignore'
[0.127s] Level 1:colcon.colcon_core.package_identification:_identify(src) by extension 'ignore_ament_install'
[0.127s] Level 1:colcon.colcon_core.package_identification:_identify(src) by extensions ['colcon_pkg']
[0.127s] Level 1:colcon.colcon_core.package_identification:_identify(src) by extension 'colcon_pkg'
[0.127s] Level 1:colcon.colcon_core.package_identification:_identify(src) by extensions ['colcon_meta']
[0.127s] Level 1:colcon.colcon_core.package_identification:_identify(src) by extension 'colcon_meta'
[0.127s] Level 1:colcon.colcon_core.package_identification:_identify(src) by extensions ['ros']
[0.127s] Level 1:colcon.colcon_core.package_identification:_identify(src) by extension 'ros'
[0.127s] Level 1:colcon.colcon_core.package_identification:_identify(src) by extensions ['cmake', 'python']
[0.127s] Level 1:colcon.colcon_core.package_identification:_identify(src) by extension 'cmake'
[0.127s] Level 1:colcon.colcon_core.package_identification:_identify(src) by extension 'python'
[0.127s] Level 1:colcon.colcon_core.package_identification:_identify(src) by extensions ['python_setup_py']
[0.127s] Level 1:colcon.colcon_core.package_identification:_identify(src) by extension 'python_setup_py'
[0.127s] Level 1:colcon.colcon_core.package_identification:_identify(src/proxemic_detector_pkg) by extensions ['ignore', 'ignore_ament_install']
[0.127s] Level 1:colcon.colcon_core.package_identification:_identify(src/proxemic_detector_pkg) by extension 'ignore'
[0.127s] Level 1:colcon.colcon_core.package_identification:_identify(src/proxemic_detector_pkg) by extension 'ignore_ament_install'
[0.127s] Level 1:colcon.colcon_core.package_identification:_identify(src/proxemic_detector_pkg) by extensions ['colcon_pkg']
[0.127s] Level 1:colcon.colcon_core.package_identification:_identify(src/proxemic_detector_pkg) by extension 'colcon_pkg'
[0.127s] Level 1:colcon.colcon_core.package_identification:_identify(src/proxemic_detector_pkg) by extensions ['colcon_meta']
[0.127s] Level 1:colcon.colcon_core.package_identification:_identify(src/proxemic_detector_pkg) by extension 'colcon_meta'
[0.127s] Level 1:colcon.colcon_core.package_identification:_identify(src/proxemic_detector_pkg) by extensions ['ros']
[0.127s] Level 1:colcon.colcon_core.package_identification:_identify(src/proxemic_detector_pkg) by extension 'ros'
[0.129s] DEBUG:colcon.colcon_core.package_identification:Package 'src/proxemic_detector_pkg' with type 'ros.ament_python' and name 'proxemic_detector_pkg'
[0.129s] Level 1:colcon.colcon_core.package_identification:_identify(src/turtlebot4_python_tutorials) by extensions ['ignore', 'ignore_ament_install']
[0.129s] Level 1:colcon.colcon_core.package_identification:_identify(src/turtlebot4_python_tutorials) by extension 'ignore'
[0.130s] Level 1:colcon.colcon_core.package_identification:_identify(src/turtlebot4_python_tutorials) by extension 'ignore_ament_install'
[0.130s] Level 1:colcon.colcon_core.package_identification:_identify(src/turtlebot4_python_tutorials) by extensions ['colcon_pkg']
[0.130s] Level 1:colcon.colcon_core.package_identification:_identify(src/turtlebot4_python_tutorials) by extension 'colcon_pkg'
[0.130s] Level 1:colcon.colcon_core.package_identification:_identify(src/turtlebot4_python_tutorials) by extensions ['colcon_meta']
[0.130s] Level 1:colcon.colcon_core.package_identification:_identify(src/turtlebot4_python_tutorials) by extension 'colcon_meta'
[0.130s] Level 1:colcon.colcon_core.package_identification:_identify(src/turtlebot4_python_tutorials) by extensions ['ros']
[0.130s] Level 1:colcon.colcon_core.package_identification:_identify(src/turtlebot4_python_tutorials) by extension 'ros'
[0.130s] DEBUG:colcon.colcon_core.package_identification:Package 'src/turtlebot4_python_tutorials' with type 'ros.ament_python' and name 'turtlebot4_python_tutorials'
[0.130s] Level 1:colcon.colcon_core.package_discovery:discover_packages(recursive) using defaults
[0.130s] Level 1:colcon.colcon_core.package_discovery:discover_packages(ignore) discover
[0.130s] Level 1:colcon.colcon_core.package_discovery:discover_packages(ignore) using defaults
[0.130s] Level 1:colcon.colcon_core.package_discovery:discover_packages(path) discover
[0.130s] Level 1:colcon.colcon_core.package_discovery:discover_packages(path) using defaults
[0.142s] Level 1:colcon.colcon_core.package_discovery:discover_packages(prefix_path) check parameters
[0.142s] Level 1:colcon.colcon_core.package_discovery:discover_packages(prefix_path) discover
[0.144s] DEBUG:colcon.colcon_installed_package_information.package_discovery:Found 334 installed packages in /opt/ros/galactic
[0.145s] Level 1:colcon.colcon_core.package_discovery:discover_packages(prefix_path) using defaults
[0.189s] Level 5:colcon.colcon_core.verb:set package 'proxemic_detector_pkg' build argument 'cmake_args' from command line to 'None'
[0.189s] Level 5:colcon.colcon_core.verb:set package 'proxemic_detector_pkg' build argument 'cmake_target' from command line to 'None'
[0.189s] Level 5:colcon.colcon_core.verb:set package 'proxemic_detector_pkg' build argument 'cmake_target_skip_unavailable' from command line to 'False'
[0.190s] Level 5:colcon.colcon_core.verb:set package 'proxemic_detector_pkg' build argument 'cmake_clean_cache' from command line to 'False'
[0.190s] Level 5:colcon.colcon_core.verb:set package 'proxemic_detector_pkg' build argument 'cmake_clean_first' from command line to 'False'
[0.190s] Level 5:colcon.colcon_core.verb:set package 'proxemic_detector_pkg' build argument 'cmake_force_configure' from command line to 'False'
[0.190s] Level 5:colcon.colcon_core.verb:set package 'proxemic_detector_pkg' build argument 'ament_cmake_args' from command line to 'None'
[0.190s] Level 5:colcon.colcon_core.verb:set package 'proxemic_detector_pkg' build argument 'catkin_cmake_args' from command line to 'None'
[0.190s] Level 5:colcon.colcon_core.verb:set package 'proxemic_detector_pkg' build argument 'catkin_skip_building_tests' from command line to 'False'
[0.190s] DEBUG:colcon.colcon_core.verb:Building package 'proxemic_detector_pkg' with the following arguments: {'ament_cmake_args': None, 'build_base': '/home/student/turtlebot4_ws/build/proxemic_detector_pkg', 'catkin_cmake_args': None, 'catkin_skip_building_tests': False, 'cmake_args': None, 'cmake_clean_cache': False, 'cmake_clean_first': False, 'cmake_force_configure': False, 'cmake_target': None, 'cmake_target_skip_unavailable': False, 'install_base': '/home/student/turtlebot4_ws/install/proxemic_detector_pkg', 'merge_install': False, 'path': '/home/student/turtlebot4_ws/src/proxemic_detector_pkg', 'symlink_install': False, 'test_result_base': None}
[0.190s] Level 5:colcon.colcon_core.verb:set package 'turtlebot4_python_tutorials' build argument 'cmake_args' from command line to 'None'
[0.190s] Level 5:colcon.colcon_core.verb:set package 'turtlebot4_python_tutorials' build argument 'cmake_target' from command line to 'None'
[0.190s] Level 5:colcon.colcon_core.verb:set package 'turtlebot4_python_tutorials' build argument 'cmake_target_skip_unavailable' from command line to 'False'
[0.190s] Level 5:colcon.colcon_core.verb:set package 'turtlebot4_python_tutorials' build argument 'cmake_clean_cache' from command line to 'False'
[0.190s] Level 5:colcon.colcon_core.verb:set package 'turtlebot4_python_tutorials' build argument 'cmake_clean_first' from command line to 'False'
[0.190s] Level 5:colcon.colcon_core.verb:set package 'turtlebot4_python_tutorials' build argument 'cmake_force_configure' from command line to 'False'
[0.190s] Level 5:colcon.colcon_core.verb:set package 'turtlebot4_python_tutorials' build argument 'ament_cmake_args' from command line to 'None'
[0.190s] Level 5:colcon.colcon_core.verb:set package 'turtlebot4_python_tutorials' build argument 'catkin_cmake_args' from command line to 'None'
[0.190s] Level 5:colcon.colcon_core.verb:set package 'turtlebot4_python_tutorials' build argument 'catkin_skip_building_tests' from command line to 'False'
[0.190s] DEBUG:colcon.colcon_core.verb:Building package 'turtlebot4_python_tutorials' with the following arguments: {'ament_cmake_args': None, 'build_base': '/home/student/turtlebot4_ws/build/turtlebot4_python_tutorials', 'catkin_cmake_args': None, 'catkin_skip_building_tests': False, 'cmake_args': None, 'cmake_clean_cache': False, 'cmake_clean_first': False, 'cmake_force_configure': False, 'cmake_target': None, 'cmake_target_skip_unavailable': False, 'install_base': '/home/student/turtlebot4_ws/install/turtlebot4_python_tutorials', 'merge_install': False, 'path': '/home/student/turtlebot4_ws/src/turtlebot4_python_tutorials', 'symlink_install': False, 'test_result_base': None}
[0.191s] INFO:colcon.colcon_core.executor:Executing jobs using 'parallel' executor
[0.193s] DEBUG:colcon.colcon_parallel_executor.executor.parallel:run_until_complete
[0.193s] INFO:colcon.colcon_ros.task.ament_python.build:Building ROS package in '/home/student/turtlebot4_ws/src/proxemic_detector_pkg' with build type 'ament_python'
[0.194s] Level 1:colcon.colcon_core.shell:create_environment_hook('proxemic_detector_pkg', 'ament_prefix_path')
[0.196s] INFO:colcon.colcon_core.plugin_system:Skipping extension 'colcon_core.shell.bat': Not used on non-Windows systems
[0.196s] INFO:colcon.colcon_core.shell:Creating environment hook '/home/student/turtlebot4_ws/install/proxemic_detector_pkg/share/proxemic_detector_pkg/hook/ament_prefix_path.ps1'
[0.197s] INFO:colcon.colcon_core.shell:Creating environment descriptor '/home/student/turtlebot4_ws/install/proxemic_detector_pkg/share/proxemic_detector_pkg/hook/ament_prefix_path.dsv'
[0.197s] INFO:colcon.colcon_core.shell:Creating environment hook '/home/student/turtlebot4_ws/install/proxemic_detector_pkg/share/proxemic_detector_pkg/hook/ament_prefix_path.sh'
[0.198s] INFO:colcon.colcon_core.shell:Skip shell extension 'powershell' for command environment: Not usable outside of PowerShell
[0.198s] DEBUG:colcon.colcon_core.shell:Skip shell extension 'dsv' for command environment
[0.203s] INFO:colcon.colcon_ros.task.ament_python.build:Building ROS package in '/home/student/turtlebot4_ws/src/turtlebot4_python_tutorials' with build type 'ament_python'
[0.204s] Level 1:colcon.colcon_core.shell:create_environment_hook('turtlebot4_python_tutorials', 'ament_prefix_path')
[0.205s] INFO:colcon.colcon_core.shell:Creating environment hook '/home/student/turtlebot4_ws/install/turtlebot4_python_tutorials/share/turtlebot4_python_tutorials/hook/ament_prefix_path.ps1'
[0.206s] INFO:colcon.colcon_core.shell:Creating environment descriptor '/home/student/turtlebot4_ws/install/turtlebot4_python_tutorials/share/turtlebot4_python_tutorials/hook/ament_prefix_path.dsv'
[0.206s] INFO:colcon.colcon_core.shell:Creating environment hook '/home/student/turtlebot4_ws/install/turtlebot4_python_tutorials/share/turtlebot4_python_tutorials/hook/ament_prefix_path.sh'
[0.208s] INFO:colcon.colcon_core.shell:Skip shell extension 'powershell' for command environment: Not usable outside of PowerShell
[0.208s] DEBUG:colcon.colcon_core.shell:Skip shell extension 'dsv' for command environment
[0.362s] INFO:colcon.colcon_core.task.python.build:Building Python package in '/home/student/turtlebot4_ws/src/proxemic_detector_pkg'
[0.363s] INFO:colcon.colcon_core.shell:Skip shell extension 'powershell' for command environment: Not usable outside of PowerShell
[0.363s] DEBUG:colcon.colcon_core.shell:Skip shell extension 'dsv' for command environment
[0.497s] INFO:colcon.colcon_core.task.python.build:Building Python package in '/home/student/turtlebot4_ws/src/turtlebot4_python_tutorials'
[0.499s] INFO:colcon.colcon_core.shell:Skip shell extension 'powershell' for command environment: Not usable outside of PowerShell
[0.499s] DEBUG:colcon.colcon_core.shell:Skip shell extension 'dsv' for command environment
[0.761s] DEBUG:colcon.colcon_core.event_handler.log_command:Invoking command in '/home/student/turtlebot4_ws/build/proxemic_detector_pkg': PYTHONPATH=/home/student/turtlebot4_ws/install/proxemic_detector_pkg/lib/python3.8/site-packages:${PYTHONPATH} /usr/bin/python3 setup.py develop --prefix /home/student/turtlebot4_ws/install/proxemic_detector_pkg --uninstall --editable --build-directory /home/student/turtlebot4_ws/build/proxemic_detector_pkg/build
[0.776s] DEBUG:colcon.colcon_core.event_handler.log_command:Invoking command in '/home/student/turtlebot4_ws/build/turtlebot4_python_tutorials': PYTHONPATH=/home/student/turtlebot4_ws/install/turtlebot4_python_tutorials/lib/python3.8/site-packages:${PYTHONPATH} /usr/bin/python3 setup.py develop --prefix /home/student/turtlebot4_ws/install/turtlebot4_python_tutorials --uninstall --editable --build-directory /home/student/turtlebot4_ws/build/turtlebot4_python_tutorials/build
[1.018s] DEBUG:colcon.colcon_core.event_handler.log_command:Invoked command in '/home/student/turtlebot4_ws/build/proxemic_detector_pkg' returned '0': PYTHONPATH=/home/student/turtlebot4_ws/install/proxemic_detector_pkg/lib/python3.8/site-packages:${PYTHONPATH} /usr/bin/python3 setup.py develop --prefix /home/student/turtlebot4_ws/install/proxemic_detector_pkg --uninstall --editable --build-directory /home/student/turtlebot4_ws/build/proxemic_detector_pkg/build
[1.019s] DEBUG:colcon.colcon_core.event_handler.log_command:Invoking command in '/home/student/turtlebot4_ws/src/proxemic_detector_pkg': PYTHONPATH=/home/student/turtlebot4_ws/install/proxemic_detector_pkg/lib/python3.8/site-packages:${PYTHONPATH} /usr/bin/python3 setup.py egg_info --egg-base ../../build/proxemic_detector_pkg build --build-base /home/student/turtlebot4_ws/build/proxemic_detector_pkg/build install --prefix /home/student/turtlebot4_ws/install/proxemic_detector_pkg --record /home/student/turtlebot4_ws/build/proxemic_detector_pkg/install.log --single-version-externally-managed
[1.043s] DEBUG:colcon.colcon_core.event_handler.log_command:Invoked command in '/home/student/turtlebot4_ws/build/turtlebot4_python_tutorials' returned '0': PYTHONPATH=/home/student/turtlebot4_ws/install/turtlebot4_python_tutorials/lib/python3.8/site-packages:${PYTHONPATH} /usr/bin/python3 setup.py develop --prefix /home/student/turtlebot4_ws/install/turtlebot4_python_tutorials --uninstall --editable --build-directory /home/student/turtlebot4_ws/build/turtlebot4_python_tutorials/build
[1.044s] DEBUG:colcon.colcon_core.event_handler.log_command:Invoking command in '/home/student/turtlebot4_ws/src/turtlebot4_python_tutorials': PYTHONPATH=/home/student/turtlebot4_ws/install/turtlebot4_python_tutorials/lib/python3.8/site-packages:${PYTHONPATH} /usr/bin/python3 setup.py egg_info --egg-base ../../build/turtlebot4_python_tutorials build --build-base /home/student/turtlebot4_ws/build/turtlebot4_python_tutorials/build install --prefix /home/student/turtlebot4_ws/install/turtlebot4_python_tutorials --record /home/student/turtlebot4_ws/build/turtlebot4_python_tutorials/install.log --single-version-externally-managed
[1.216s] DEBUG:colcon.colcon_core.event_handler.log_command:Invoked command in '/home/student/turtlebot4_ws/src/proxemic_detector_pkg' returned '0': PYTHONPATH=/home/student/turtlebot4_ws/install/proxemic_detector_pkg/lib/python3.8/site-packages:${PYTHONPATH} /usr/bin/python3 setup.py egg_info --egg-base ../../build/proxemic_detector_pkg build --build-base /home/student/turtlebot4_ws/build/proxemic_detector_pkg/build install --prefix /home/student/turtlebot4_ws/install/proxemic_detector_pkg --record /home/student/turtlebot4_ws/build/proxemic_detector_pkg/install.log --single-version-externally-managed
[1.218s] Level 1:colcon.colcon_core.environment:checking '/home/student/turtlebot4_ws/install/proxemic_detector_pkg' for CMake module files
[1.218s] Level 1:colcon.colcon_core.environment:checking '/home/student/turtlebot4_ws/install/proxemic_detector_pkg' for CMake config files
[1.219s] Level 1:colcon.colcon_core.environment:checking '/home/student/turtlebot4_ws/install/proxemic_detector_pkg/lib'
[1.219s] Level 1:colcon.colcon_core.environment:checking '/home/student/turtlebot4_ws/install/proxemic_detector_pkg/bin'
[1.219s] Level 1:colcon.colcon_core.environment:checking '/home/student/turtlebot4_ws/install/proxemic_detector_pkg/lib/pkgconfig/proxemic_detector_pkg.pc'
[1.219s] Level 1:colcon.colcon_core.environment:checking '/home/student/turtlebot4_ws/install/proxemic_detector_pkg/lib/python3.8/site-packages'
[1.219s] Level 1:colcon.colcon_core.shell:create_environment_hook('proxemic_detector_pkg', 'pythonpath')
[1.220s] INFO:colcon.colcon_core.shell:Creating environment hook '/home/student/turtlebot4_ws/install/proxemic_detector_pkg/share/proxemic_detector_pkg/hook/pythonpath.ps1'
[1.221s] INFO:colcon.colcon_core.shell:Creating environment descriptor '/home/student/turtlebot4_ws/install/proxemic_detector_pkg/share/proxemic_detector_pkg/hook/pythonpath.dsv'
[1.221s] INFO:colcon.colcon_core.shell:Creating environment hook '/home/student/turtlebot4_ws/install/proxemic_detector_pkg/share/proxemic_detector_pkg/hook/pythonpath.sh'
[1.221s] Level 1:colcon.colcon_core.environment:checking '/home/student/turtlebot4_ws/install/proxemic_detector_pkg/bin'
[1.221s] Level 1:colcon.colcon_core.environment:create_environment_scripts_only(proxemic_detector_pkg)
[1.222s] INFO:colcon.colcon_core.shell:Creating package script '/home/student/turtlebot4_ws/install/proxemic_detector_pkg/share/proxemic_detector_pkg/package.ps1'
[1.224s] INFO:colcon.colcon_core.shell:Creating package descriptor '/home/student/turtlebot4_ws/install/proxemic_detector_pkg/share/proxemic_detector_pkg/package.dsv'
[1.224s] INFO:colcon.colcon_core.shell:Creating package script '/home/student/turtlebot4_ws/install/proxemic_detector_pkg/share/proxemic_detector_pkg/package.sh'
[1.225s] INFO:colcon.colcon_core.shell:Creating package script '/home/student/turtlebot4_ws/install/proxemic_detector_pkg/share/proxemic_detector_pkg/package.bash'
[1.226s] INFO:colcon.colcon_core.shell:Creating package script '/home/student/turtlebot4_ws/install/proxemic_detector_pkg/share/proxemic_detector_pkg/package.zsh'
[1.226s] Level 1:colcon.colcon_core.environment:create_file_with_runtime_dependencies(/home/student/turtlebot4_ws/install/proxemic_detector_pkg/share/colcon-core/packages/proxemic_detector_pkg)
[1.253s] Level 1:colcon.colcon_core.environment:checking '/home/student/turtlebot4_ws/install/turtlebot4_python_tutorials' for CMake module files
[1.254s] DEBUG:colcon.colcon_core.event_handler.log_command:Invoked command in '/home/student/turtlebot4_ws/src/turtlebot4_python_tutorials' returned '0': PYTHONPATH=/home/student/turtlebot4_ws/install/turtlebot4_python_tutorials/lib/python3.8/site-packages:${PYTHONPATH} /usr/bin/python3 setup.py egg_info --egg-base ../../build/turtlebot4_python_tutorials build --build-base /home/student/turtlebot4_ws/build/turtlebot4_python_tutorials/build install --prefix /home/student/turtlebot4_ws/install/turtlebot4_python_tutorials --record /home/student/turtlebot4_ws/build/turtlebot4_python_tutorials/install.log --single-version-externally-managed
[1.254s] Level 1:colcon.colcon_core.environment:checking '/home/student/turtlebot4_ws/install/turtlebot4_python_tutorials' for CMake config files
[1.254s] Level 1:colcon.colcon_core.environment:checking '/home/student/turtlebot4_ws/install/turtlebot4_python_tutorials/lib'
[1.255s] Level 1:colcon.colcon_core.environment:checking '/home/student/turtlebot4_ws/install/turtlebot4_python_tutorials/bin'
[1.255s] Level 1:colcon.colcon_core.environment:checking '/home/student/turtlebot4_ws/install/turtlebot4_python_tutorials/lib/pkgconfig/turtlebot4_python_tutorials.pc'
[1.255s] Level 1:colcon.colcon_core.environment:checking '/home/student/turtlebot4_ws/install/turtlebot4_python_tutorials/lib/python3.8/site-packages'
[1.255s] Level 1:colcon.colcon_core.shell:create_environment_hook('turtlebot4_python_tutorials', 'pythonpath')
[1.256s] INFO:colcon.colcon_core.shell:Creating environment hook '/home/student/turtlebot4_ws/install/turtlebot4_python_tutorials/share/turtlebot4_python_tutorials/hook/pythonpath.ps1'
[1.257s] INFO:colcon.colcon_core.shell:Creating environment descriptor '/home/student/turtlebot4_ws/install/turtlebot4_python_tutorials/share/turtlebot4_python_tutorials/hook/pythonpath.dsv'
[1.258s] INFO:colcon.colcon_core.shell:Creating environment hook '/home/student/turtlebot4_ws/install/turtlebot4_python_tutorials/share/turtlebot4_python_tutorials/hook/pythonpath.sh'
[1.259s] Level 1:colcon.colcon_core.environment:checking '/home/student/turtlebot4_ws/install/turtlebot4_python_tutorials/bin'
[1.259s] Level 1:colcon.colcon_core.environment:create_environment_scripts_only(turtlebot4_python_tutorials)
[1.261s] INFO:colcon.colcon_core.shell:Creating package script '/home/student/turtlebot4_ws/install/turtlebot4_python_tutorials/share/turtlebot4_python_tutorials/package.ps1'
[1.261s] INFO:colcon.colcon_core.shell:Creating package descriptor '/home/student/turtlebot4_ws/install/turtlebot4_python_tutorials/share/turtlebot4_python_tutorials/package.dsv'
[1.261s] INFO:colcon.colcon_core.shell:Creating package script '/home/student/turtlebot4_ws/install/turtlebot4_python_tutorials/share/turtlebot4_python_tutorials/package.sh'
[1.262s] INFO:colcon.colcon_core.shell:Creating package script '/home/student/turtlebot4_ws/install/turtlebot4_python_tutorials/share/turtlebot4_python_tutorials/package.bash'
[1.262s] INFO:colcon.colcon_core.shell:Creating package script '/home/student/turtlebot4_ws/install/turtlebot4_python_tutorials/share/turtlebot4_python_tutorials/package.zsh'
[1.262s] Level 1:colcon.colcon_core.environment:create_file_with_runtime_dependencies(/home/student/turtlebot4_ws/install/turtlebot4_python_tutorials/share/colcon-core/packages/turtlebot4_python_tutorials)
[1.262s] DEBUG:colcon.colcon_parallel_executor.executor.parallel:closing loop
[1.263s] DEBUG:colcon.colcon_parallel_executor.executor.parallel:loop closed
[1.263s] DEBUG:colcon.colcon_parallel_executor.executor.parallel:run_until_complete finished with '0'
[1.263s] DEBUG:colcon.colcon_core.event_reactor:joining thread
[1.267s] INFO:colcon.colcon_core.plugin_system:Skipping extension 'colcon_notification.desktop_notification.terminal_notifier': Not used on non-Darwin systems
[1.268s] INFO:colcon.colcon_core.plugin_system:Skipping extension 'colcon_notification.desktop_notification.win32': Not used on non-Windows systems
[1.268s] INFO:colcon.colcon_notification.desktop_notification:Sending desktop notification using 'notify2'
[1.280s] DEBUG:colcon.colcon_core.event_reactor:joined thread
[1.281s] INFO:colcon.colcon_core.shell:Creating prefix script '/home/student/turtlebot4_ws/install/local_setup.ps1'
[1.282s] INFO:colcon.colcon_core.shell:Creating prefix util module '/home/student/turtlebot4_ws/install/_local_setup_util_ps1.py'
[1.283s] INFO:colcon.colcon_core.shell:Creating prefix chain script '/home/student/turtlebot4_ws/install/setup.ps1'
[1.284s] INFO:colcon.colcon_core.shell:Creating prefix script '/home/student/turtlebot4_ws/install/local_setup.sh'
[1.285s] INFO:colcon.colcon_core.shell:Creating prefix util module '/home/student/turtlebot4_ws/install/_local_setup_util_sh.py'
[1.285s] INFO:colcon.colcon_core.shell:Creating prefix chain script '/home/student/turtlebot4_ws/install/setup.sh'
[1.286s] INFO:colcon.colcon_core.shell:Creating prefix script '/home/student/turtlebot4_ws/install/local_setup.bash'
[1.286s] INFO:colcon.colcon_core.shell:Creating prefix chain script '/home/student/turtlebot4_ws/install/setup.bash'
[1.287s] INFO:colcon.colcon_core.shell:Creating prefix script '/home/student/turtlebot4_ws/install/local_setup.zsh'
[1.288s] INFO:colcon.colcon_core.shell:Creating prefix chain script '/home/student/turtlebot4_ws/install/setup.zsh'
