[0.556s] Invoking command in '/home/student/turtlebot4_ws/build/turtlebot4_python_tutorials': PYTHONPATH=/home/student/turtlebot4_ws/install/turtlebot4_python_tutorials/lib/python3.8/site-packages:${PYTHONPATH} /usr/bin/python3 setup.py develop --prefix /home/student/turtlebot4_ws/install/turtlebot4_python_tutorials --uninstall --editable --build-directory /home/student/turtlebot4_ws/build/turtlebot4_python_tutorials/build
[0.727s] running develop
[0.828s] Invoked command in '/home/student/turtlebot4_ws/build/turtlebot4_python_tutorials' returned '0': PYTHONPATH=/home/student/turtlebot4_ws/install/turtlebot4_python_tutorials/lib/python3.8/site-packages:${PYTHONPATH} /usr/bin/python3 setup.py develop --prefix /home/student/turtlebot4_ws/install/turtlebot4_python_tutorials --uninstall --editable --build-directory /home/student/turtlebot4_ws/build/turtlebot4_python_tutorials/build
[0.831s] Invoking command in '/home/student/turtlebot4_ws/src/turtlebot4_python_tutorials': PYTHONPATH=/home/student/turtlebot4_ws/install/turtlebot4_python_tutorials/lib/python3.8/site-packages:${PYTHONPATH} /usr/bin/python3 setup.py egg_info --egg-base ../../build/turtlebot4_python_tutorials build --build-base /home/student/turtlebot4_ws/build/turtlebot4_python_tutorials/build install --prefix /home/student/turtlebot4_ws/install/turtlebot4_python_tutorials --record /home/student/turtlebot4_ws/build/turtlebot4_python_tutorials/install.log --single-version-externally-managed
[0.996s] running egg_info
[0.996s] writing ../../build/turtlebot4_python_tutorials/turtlebot4_python_tutorials.egg-info/PKG-INFO
[0.997s] writing dependency_links to ../../build/turtlebot4_python_tutorials/turtlebot4_python_tutorials.egg-info/dependency_links.txt
[0.997s] writing entry points to ../../build/turtlebot4_python_tutorials/turtlebot4_python_tutorials.egg-info/entry_points.txt
[0.997s] writing requirements to ../../build/turtlebot4_python_tutorials/turtlebot4_python_tutorials.egg-info/requires.txt
[0.997s] writing top-level names to ../../build/turtlebot4_python_tutorials/turtlebot4_python_tutorials.egg-info/top_level.txt
[1.022s] reading manifest file '../../build/turtlebot4_python_tutorials/turtlebot4_python_tutorials.egg-info/SOURCES.txt'
[1.022s] writing manifest file '../../build/turtlebot4_python_tutorials/turtlebot4_python_tutorials.egg-info/SOURCES.txt'
[1.023s] running build
[1.023s] running build_py
[1.023s] running install
[1.024s] running install_lib
[1.026s] running install_data
[1.026s] running install_egg_info
[1.028s] removing '/home/student/turtlebot4_ws/install/turtlebot4_python_tutorials/lib/python3.8/site-packages/turtlebot4_python_tutorials-0.0.0-py3.8.egg-info' (and everything under it)
[1.028s] Copying ../../build/turtlebot4_python_tutorials/turtlebot4_python_tutorials.egg-info to /home/student/turtlebot4_ws/install/turtlebot4_python_tutorials/lib/python3.8/site-packages/turtlebot4_python_tutorials-0.0.0-py3.8.egg-info
[1.029s] running install_scripts
[1.040s] Installing turtlebot_proxemic_detector_node script to /home/student/turtlebot4_ws/install/turtlebot4_python_tutorials/lib/turtlebot4_python_tutorials
[1.041s] writing list of installed files to '/home/student/turtlebot4_ws/build/turtlebot4_python_tutorials/install.log'
[1.072s] Invoked command in '/home/student/turtlebot4_ws/src/turtlebot4_python_tutorials' returned '0': PYTHONPATH=/home/student/turtlebot4_ws/install/turtlebot4_python_tutorials/lib/python3.8/site-packages:${PYTHONPATH} /usr/bin/python3 setup.py egg_info --egg-base ../../build/turtlebot4_python_tutorials build --build-base /home/student/turtlebot4_ws/build/turtlebot4_python_tutorials/build install --prefix /home/student/turtlebot4_ws/install/turtlebot4_python_tutorials --record /home/student/turtlebot4_ws/build/turtlebot4_python_tutorials/install.log --single-version-externally-managed
