[0.586s] Invoking command in '/home/student/turtlebot4_ws/build/proxemic_detector_pkg': PYTHONPATH=/home/student/turtlebot4_ws/install/proxemic_detector_pkg/lib/python3.8/site-packages:${PYTHONPATH} /usr/bin/python3 setup.py develop --prefix /home/student/turtlebot4_ws/install/proxemic_detector_pkg --uninstall --editable --build-directory /home/student/turtlebot4_ws/build/proxemic_detector_pkg/build
[0.826s] running develop
[0.939s] Invoked command in '/home/student/turtlebot4_ws/build/proxemic_detector_pkg' returned '0': PYTHONPATH=/home/student/turtlebot4_ws/install/proxemic_detector_pkg/lib/python3.8/site-packages:${PYTHONPATH} /usr/bin/python3 setup.py develop --prefix /home/student/turtlebot4_ws/install/proxemic_detector_pkg --uninstall --editable --build-directory /home/student/turtlebot4_ws/build/proxemic_detector_pkg/build
[0.939s] Invoking command in '/home/student/turtlebot4_ws/src/proxemic_detector_pkg': PYTHONPATH=/home/student/turtlebot4_ws/install/proxemic_detector_pkg/lib/python3.8/site-packages:${PYTHONPATH} /usr/bin/python3 setup.py egg_info --egg-base ../../build/proxemic_detector_pkg build --build-base /home/student/turtlebot4_ws/build/proxemic_detector_pkg/build install --prefix /home/student/turtlebot4_ws/install/proxemic_detector_pkg --record /home/student/turtlebot4_ws/build/proxemic_detector_pkg/install.log --single-version-externally-managed
[1.067s] running egg_info
[1.068s] writing ../../build/proxemic_detector_pkg/proxemic_detector_pkg.egg-info/PKG-INFO
[1.068s] writing dependency_links to ../../build/proxemic_detector_pkg/proxemic_detector_pkg.egg-info/dependency_links.txt
[1.068s] writing entry points to ../../build/proxemic_detector_pkg/proxemic_detector_pkg.egg-info/entry_points.txt
[1.068s] writing requirements to ../../build/proxemic_detector_pkg/proxemic_detector_pkg.egg-info/requires.txt
[1.068s] writing top-level names to ../../build/proxemic_detector_pkg/proxemic_detector_pkg.egg-info/top_level.txt
[1.089s] reading manifest file '../../build/proxemic_detector_pkg/proxemic_detector_pkg.egg-info/SOURCES.txt'
[1.090s] writing manifest file '../../build/proxemic_detector_pkg/proxemic_detector_pkg.egg-info/SOURCES.txt'
[1.090s] running build
[1.090s] running build_py
[1.090s] running install
[1.090s] running install_lib
[1.091s] running install_data
[1.092s] running install_egg_info
[1.093s] removing '/home/student/turtlebot4_ws/install/proxemic_detector_pkg/lib/python3.8/site-packages/proxemic_detector_pkg-0.0.0-py3.8.egg-info' (and everything under it)
[1.093s] Copying ../../build/proxemic_detector_pkg/proxemic_detector_pkg.egg-info to /home/student/turtlebot4_ws/install/proxemic_detector_pkg/lib/python3.8/site-packages/proxemic_detector_pkg-0.0.0-py3.8.egg-info
[1.093s] running install_scripts
[1.103s] Installing turtlebot_proxemic_detector_node script to /home/student/turtlebot4_ws/install/proxemic_detector_pkg/lib/proxemic_detector_pkg
[1.103s] writing list of installed files to '/home/student/turtlebot4_ws/build/proxemic_detector_pkg/install.log'
[1.127s] Invoked command in '/home/student/turtlebot4_ws/src/proxemic_detector_pkg' returned '0': PYTHONPATH=/home/student/turtlebot4_ws/install/proxemic_detector_pkg/lib/python3.8/site-packages:${PYTHONPATH} /usr/bin/python3 setup.py egg_info --egg-base ../../build/proxemic_detector_pkg build --build-base /home/student/turtlebot4_ws/build/proxemic_detector_pkg/build install --prefix /home/student/turtlebot4_ws/install/proxemic_detector_pkg --record /home/student/turtlebot4_ws/build/proxemic_detector_pkg/install.log --single-version-externally-managed
